<?xml version="1.0" encoding="UTF-8"?>
<testsuite xmlns:xsi="http://www.w3.org/2001/XMLSchema-instance" xsi:noNamespaceSchemaLocation="https://maven.apache.org/surefire/maven-surefire-plugin/xsd/surefire-test-report.xsd" name="org.mostafa.RandomLoadBalancerTest" time="0.001" tests="2" errors="2" skipped="0" failures="0">
  <properties>
[...]
</properties>
  <testcase name="initializationError" classname="org.mostafa.RandomLoadBalancerTest" time="0.001">
    <error message="Method steUp() should be public" type="java.lang.Exception">java.lang.Exception: Method steUp() should be public
</error>
  </testcase>
  <testcase name="initializationError" classname="org.mostafa.RandomLoadBalancerTest" time="0">
    <error message="Method ipIsNotNull() should be public" type="java.lang.Exception">java.lang.Exception: Method ipIsNotNull() should be public
</error>
  </testcase>
</testsuite>